"../../../Engine/Content/EditorBlueprintResources/StandardMacros.uasset" 0
"../../../Engine/Content/EditorBlueprintResources/StandardMacros.uexp" 1
"G:/UE5/Project/Armys/Content/My/Class/MyGameStateBase.uasset" 2
"G:/UE5/Project/Armys/Content/My/Class/MyGameStateBase.uexp" 3
"G:/UE5/Project/Armys/Content/My/Class/MyPlayerController.uasset" 4
"G:/UE5/Project/Armys/Content/My/Class/MyPlayerController.uexp" 5
"../../../Engine/Content/Animation/DefaultAnimCurveCompressionSettings.uasset" 6
"../../../Engine/Content/Animation/DefaultAnimCurveCompressionSettings.uexp" 7
"../../../Engine/Content/EngineMeshes/Humanoid.uasset" 8
"../../../Engine/Content/EngineMeshes/Humanoid.uexp" 9
"G:/UE5/Project/Armys/Content/Soldier/Mesh/Soldier/SK_Soldier_Skeleton.uasset" 10
"G:/UE5/Project/Armys/Content/Soldier/Mesh/Soldier/SK_Soldier_Skeleton.uexp" 11
"../../../Engine/Content/Animation/DefaultAnimBoneCompressionSettings.uasset" 12
"../../../Engine/Content/Animation/DefaultAnimBoneCompressionSettings.uexp" 13
"G:/UE5/Project/Armys/Content/Soldier/Animations/Soldier/DiveRoll4UE4.uasset" 14
"G:/UE5/Project/Armys/Content/Soldier/Animations/Soldier/DiveRoll4UE4.uexp" 15
"G:/UE5/Project/Armys/Content/Soldier/Animations/Soldier/AM_SoldierRoll.uasset" 16
"G:/UE5/Project/Armys/Content/Soldier/Animations/Soldier/AM_SoldierRoll.uexp" 17
"G:/UE5/Project/Armys/Content/Soldier/Textures/Soldier/T_Soldier_AORM.uasset" 18
"G:/UE5/Project/Armys/Content/Soldier/Textures/Soldier/T_Soldier_AORM.uexp" 19
"G:/UE5/Project/Armys/Content/Soldier/Textures/Soldier/T_Soldier_N.uasset" 20
"G:/UE5/Project/Armys/Content/Soldier/Textures/Soldier/T_Soldier_N.uexp" 21
"G:/UE5/Project/Armys/Content/Soldier/Textures/Soldier/1/T_Soldier_1_D.uasset" 22
"G:/UE5/Project/Armys/Content/Soldier/Textures/Soldier/1/T_Soldier_1_D.uexp" 23
"G:/UE5/Project/Armys/Content/Soldier/Materials/Soldier/M_Soldier.uasset" 24
"G:/UE5/Project/Armys/Content/Soldier/Materials/Soldier/M_Soldier.uexp" 25
"G:/UE5/Project/Armys/Content/Soldier/Materials/Soldier/MI_Soldier_1.uasset" 26
"G:/UE5/Project/Armys/Content/Soldier/Materials/Soldier/MI_Soldier_1.uexp" 27
"G:/UE5/Project/Armys/Content/Soldier/Textures/Soldier/4/T_Soldier_4_D.uasset" 28
"G:/UE5/Project/Armys/Content/Soldier/Textures/Soldier/4/T_Soldier_4_D.uexp" 29
"G:/UE5/Project/Armys/Content/Soldier/Materials/Soldier/MI_Soldier_4.uasset" 30
"G:/UE5/Project/Armys/Content/Soldier/Materials/Soldier/MI_Soldier_4.uexp" 31
"G:/UE5/Project/Armys/Content/Soldier/Animations/Soldier/Anim_Idle_Rifle.uasset" 32
"G:/UE5/Project/Armys/Content/Soldier/Animations/Soldier/Anim_Idle_Rifle.uexp" 33
"G:/UE5/Project/Armys/Content/Soldier/Animations/Soldier/Anim_Run_Rifle.uasset" 34
"G:/UE5/Project/Armys/Content/Soldier/Animations/Soldier/Anim_Run_Rifle.uexp" 35
"G:/UE5/Project/Armys/Content/Soldier/Animations/Soldier/BS_Soldier_WalkAndRun.uasset" 36
"G:/UE5/Project/Armys/Content/Soldier/Animations/Soldier/BS_Soldier_WalkAndRun.uexp" 37
"G:/UE5/Project/Armys/Content/Soldier/Animations/Soldier/ABP_Soldier.uasset" 38
"G:/UE5/Project/Armys/Content/Soldier/Animations/Soldier/ABP_Soldier.uexp" 39
"G:/UE5/Project/Armys/Content/Soldier/Mesh/Soldier/SK_Soldier_PhysicsAsset.uasset" 40
"G:/UE5/Project/Armys/Content/Soldier/Mesh/Soldier/SK_Soldier_PhysicsAsset.uexp" 41
"G:/UE5/Project/Armys/Content/Soldier/Mesh/Soldier/SK_Soldier.uasset" 42
"G:/UE5/Project/Armys/Content/Soldier/Mesh/Soldier/SK_Soldier.uexp" 43
"G:/UE5/Project/Armys/Content/Soldier/Textures/Weapon/T_Gun_N.uasset" 44
"G:/UE5/Project/Armys/Content/Soldier/Textures/Weapon/T_Gun_N.uexp" 45
"G:/UE5/Project/Armys/Content/Soldier/Textures/Weapon/T_Gun_AORM.uasset" 46
"G:/UE5/Project/Armys/Content/Soldier/Textures/Weapon/T_Gun_AORM.uexp" 47
"G:/UE5/Project/Armys/Content/Soldier/Textures/Weapon/T_Gun_D.uasset" 48
"G:/UE5/Project/Armys/Content/Soldier/Textures/Weapon/T_Gun_D.uexp" 49
"G:/UE5/Project/Armys/Content/Soldier/Materials/Weapon/M_Gun.uasset" 50
"G:/UE5/Project/Armys/Content/Soldier/Materials/Weapon/M_Gun.uexp" 51
"G:/UE5/Project/Armys/Content/Soldier/Mesh/Weapon/SM_Gun.uasset" 52
"G:/UE5/Project/Armys/Content/Soldier/Mesh/Weapon/SM_Gun.uexp" 53
"../../../Engine/Content/EngineMaterials/T_Default_Material_Grid_M.uasset" 54
"../../../Engine/Content/EngineMaterials/T_Default_Material_Grid_M.uexp" 55
"../../../Engine/Content/EngineMaterials/T_Default_Material_Grid_N.uasset" 56
"../../../Engine/Content/EngineMaterials/T_Default_Material_Grid_N.uexp" 57
"../../../Engine/Content/Functions/Engine_MaterialFunctions01/Opacity/CameraDepthFade.uasset" 58
"../../../Engine/Content/Functions/Engine_MaterialFunctions01/Opacity/CameraDepthFade.uexp" 59
"../../../Engine/Content/EngineMaterials/WorldGridMaterial.uasset" 60
"../../../Engine/Content/EngineMaterials/WorldGridMaterial.uexp" 61
"G:/UE5/Project/Armys/Content/StarterContent/Props/MaterialSphere.uasset" 62
"G:/UE5/Project/Armys/Content/StarterContent/Props/MaterialSphere.uexp" 63
"G:/UE5/Project/Armys/Content/StarterContent/Materials/M_Basic_Wall.uasset" 64
"G:/UE5/Project/Armys/Content/StarterContent/Materials/M_Basic_Wall.uexp" 65
"G:/UE5/Project/Armys/Content/My/Character/BP_Bullet.uasset" 66
"G:/UE5/Project/Armys/Content/My/Character/BP_Bullet.uexp" 67
"G:/UE5/Project/Armys/Content/Soldier/Animations/Soldier/Anim_Death_Rifle.uasset" 68
"G:/UE5/Project/Armys/Content/Soldier/Animations/Soldier/Anim_Death_Rifle.uexp" 69
"G:/UE5/Project/Armys/Content/Soldier/Animations/Soldier/AM_Death_Rifle.uasset" 70
"G:/UE5/Project/Armys/Content/Soldier/Animations/Soldier/AM_Death_Rifle.uexp" 71
"G:/UE5/Project/Armys/Content/Soldier/Animations/Soldier/Anim_Shoot_Rifle.uasset" 72
"G:/UE5/Project/Armys/Content/Soldier/Animations/Soldier/Anim_Shoot_Rifle.uexp" 73
"G:/UE5/Project/Armys/Content/Soldier/Animations/Soldier/AM_Shoot_Rifle.uasset" 74
"G:/UE5/Project/Armys/Content/Soldier/Animations/Soldier/AM_Shoot_Rifle.uexp" 75
"G:/UE5/Project/Armys/Content/Soldier/Mesh/Props/Check_Point_Skeleton.uasset" 76
"G:/UE5/Project/Armys/Content/Soldier/Mesh/Props/Check_Point_Skeleton.uexp" 77
"G:/UE5/Project/Armys/Content/Soldier/Textures/Props/T_Props_Mask_E.uasset" 78
"G:/UE5/Project/Armys/Content/Soldier/Textures/Props/T_Props_Mask_E.uexp" 79
"G:/UE5/Project/Armys/Content/Soldier/Textures/Props/T_Props_D.uasset" 80
"G:/UE5/Project/Armys/Content/Soldier/Textures/Props/T_Props_D.uexp" 81
"G:/UE5/Project/Armys/Content/Soldier/Textures/Props/T_Props_AORM.uasset" 82
"G:/UE5/Project/Armys/Content/Soldier/Textures/Props/T_Props_AORM.uexp" 83
"G:/UE5/Project/Armys/Content/Soldier/Textures/Props/T_Props_N.uasset" 84
"G:/UE5/Project/Armys/Content/Soldier/Textures/Props/T_Props_N.uexp" 85
"G:/UE5/Project/Armys/Content/Soldier/Materials/Props/M_Props.uasset" 86
"G:/UE5/Project/Armys/Content/Soldier/Materials/Props/M_Props.uexp" 87
"G:/UE5/Project/Armys/Content/Soldier/Materials/Props/MI_CheckPoint_Red.uasset" 88
"G:/UE5/Project/Armys/Content/Soldier/Materials/Props/MI_CheckPoint_Red.uexp" 89
"G:/UE5/Project/Armys/Content/Soldier/Mesh/Props/SK_Check_Point_PhysicsAsset.uasset" 90
"G:/UE5/Project/Armys/Content/Soldier/Mesh/Props/SK_Check_Point_PhysicsAsset.uexp" 91
"G:/UE5/Project/Armys/Content/Soldier/Mesh/Props/SK_Check_Point.uasset" 92
"G:/UE5/Project/Armys/Content/Soldier/Mesh/Props/SK_Check_Point.uexp" 93
"G:/UE5/Project/Armys/Content/My/Character/BP_Flag.uasset" 94
"G:/UE5/Project/Armys/Content/My/Character/BP_Flag.uexp" 95
"G:/UE5/Project/Armys/Content/My/Character/MyCharacter.uasset" 96
"G:/UE5/Project/Armys/Content/My/Character/MyCharacter.uexp" 97
"G:/UE5/Project/Armys/Content/My/Class/MyGameMode.uasset" 98
"G:/UE5/Project/Armys/Content/My/Class/MyGameMode.uexp" 99
"G:/UE5/Project/Armys/Content/My/Class/MyPlayerState.uasset" 100
"G:/UE5/Project/Armys/Content/My/Class/MyPlayerState.uexp" 101
"G:/UE5/Project/Armys/Content/Soldier/Mesh/Props/SM_Ammo.uasset" 102
"G:/UE5/Project/Armys/Content/Soldier/Mesh/Props/SM_Ammo.uexp" 103
"G:/UE5/Project/Armys/Content/My/Character/BP_BulletBox.uasset" 104
"G:/UE5/Project/Armys/Content/My/Character/BP_BulletBox.uexp" 105
"G:/UE5/Project/Armys/Content/LevelPrototyping/Textures/T_GridChecker_A.uasset" 106
"G:/UE5/Project/Armys/Content/LevelPrototyping/Textures/T_GridChecker_A.uexp" 107
"../../../Engine/Content/Functions/Engine_MaterialFunctions02/Utility/MakeFloat3.uasset" 108
"../../../Engine/Content/Functions/Engine_MaterialFunctions02/Utility/MakeFloat3.uexp" 109
"../../../Engine/Content/Functions/Engine_MaterialFunctions01/Gradient/LinearGradient.uasset" 110
"../../../Engine/Content/Functions/Engine_MaterialFunctions01/Gradient/LinearGradient.uexp" 111
"../../../Engine/Content/Functions/Engine_MaterialFunctions01/ImageAdjustment/CheapContrast.uasset" 112
"../../../Engine/Content/Functions/Engine_MaterialFunctions01/ImageAdjustment/CheapContrast.uexp" 113
"../../../Engine/Content/Functions/Engine_MaterialFunctions02/Utility/BreakOutFloat3Components.uasset" 114
"../../../Engine/Content/Functions/Engine_MaterialFunctions02/Utility/BreakOutFloat3Components.uexp" 115
"G:/UE5/Project/Armys/Content/LevelPrototyping/Materials/MF_ProcGrid.uasset" 116
"G:/UE5/Project/Armys/Content/LevelPrototyping/Materials/MF_ProcGrid.uexp" 117
"G:/UE5/Project/Armys/Content/LevelPrototyping/Materials/M_PrototypeGrid.uasset" 118
"G:/UE5/Project/Armys/Content/LevelPrototyping/Materials/M_PrototypeGrid.uexp" 119
"G:/UE5/Project/Armys/Content/LevelPrototyping/Materials/MI_PrototypeGrid_Gray.uasset" 120
"G:/UE5/Project/Armys/Content/LevelPrototyping/Materials/MI_PrototypeGrid_Gray.uexp" 121
"G:/UE5/Project/Armys/Content/LevelPrototyping/Meshes/SM_Cube.uasset" 122
"G:/UE5/Project/Armys/Content/LevelPrototyping/Meshes/SM_Cube.uexp" 123
"G:/UE5/Project/Armys/Content/LevelPrototyping/Materials/M_Solid.uasset" 124
"G:/UE5/Project/Armys/Content/LevelPrototyping/Materials/M_Solid.uexp" 125
"G:/UE5/Project/Armys/Content/LevelPrototyping/Materials/MI_Solid_Blue.uasset" 126
"G:/UE5/Project/Armys/Content/LevelPrototyping/Materials/MI_Solid_Blue.uexp" 127
"G:/UE5/Project/Armys/Content/LevelPrototyping/Materials/MI_PrototypeGrid_TopDark.uasset" 128
"G:/UE5/Project/Armys/Content/LevelPrototyping/Materials/MI_PrototypeGrid_TopDark.uexp" 129
"../../../Engine/Content/ArtTools/RenderToTexture/Meshes/S_1_Unit_Plane.uasset" 130
"../../../Engine/Content/ArtTools/RenderToTexture/Meshes/S_1_Unit_Plane.uexp" 131
"../../../Engine/Content/EngineMaterials/DefaultMaterial.uasset" 132
"../../../Engine/Content/EngineMaterials/DefaultMaterial.uexp" 133
"../../../Engine/Content/BasicShapes/Sphere.uasset" 134
"../../../Engine/Content/BasicShapes/Sphere.uexp" 135
"../../../Engine/Content/BasicShapes/Plane.uasset" 136
"../../../Engine/Content/BasicShapes/Plane.uexp" 137
"../../../Engine/Content/BasicShapes/Cylinder.uasset" 138
"../../../Engine/Content/BasicShapes/Cylinder.uexp" 139
"../../../Engine/Content/BasicShapes/Cube.uasset" 140
"../../../Engine/Content/BasicShapes/Cube.uexp" 141
"../../../Engine/Content/BasicShapes/Cone.uasset" 142
"../../../Engine/Content/BasicShapes/Cone.uexp" 143
"../../../Engine/Content/EditorLandscapeResources/DefaultAlphaTexture.uasset" 144
"../../../Engine/Content/EditorLandscapeResources/DefaultAlphaTexture.uexp" 145
"../../../Engine/Content/EditorLandscapeResources/DataLayer.uasset" 146
"../../../Engine/Content/EditorLandscapeResources/DataLayer.uexp" 147
"../../../Engine/Content/EditorMaterials/PreviewShadowIndicator.uasset" 148
"../../../Engine/Content/EditorMaterials/PreviewShadowIndicator.uexp" 149
"../../../Engine/Content/EditorMaterials/PreviewShadowIndicatorMaterial.uasset" 150
"../../../Engine/Content/EditorMaterials/PreviewShadowIndicatorMaterial.uexp" 151
"../../../Engine/Content/EditorMaterials/MAT_Groups_Visibility.uasset" 152
"../../../Engine/Content/EditorMaterials/MAT_Groups_Visibility.uexp" 153
"../../../Engine/Content/EditorMaterials/MAT_Groups_Toggle.uasset" 154
"../../../Engine/Content/EditorMaterials/MAT_Groups_Toggle.uexp" 155
"../../../Engine/Content/EditorMaterials/MatineeGroups/MAT_Groups_Vector.uasset" 156
"../../../Engine/Content/EditorMaterials/MatineeGroups/MAT_Groups_Vector.uexp" 157
"../../../Engine/Content/EditorMaterials/MatineeGroups/MAT_Groups_Sound.uasset" 158
"../../../Engine/Content/EditorMaterials/MatineeGroups/MAT_Groups_Sound.uexp" 159
"../../../Engine/Content/EditorMaterials/MatineeGroups/MAT_Groups_Slomo.uasset" 160
"../../../Engine/Content/EditorMaterials/MatineeGroups/MAT_Groups_Slomo.uexp" 161
"../../../Engine/Content/EditorMaterials/MatineeGroups/MAT_Groups_Move.uasset" 162
"../../../Engine/Content/EditorMaterials/MatineeGroups/MAT_Groups_Move.uexp" 163
"../../../Engine/Content/EditorMaterials/MatineeGroups/MAT_Groups_Float.uasset" 164
"../../../Engine/Content/EditorMaterials/MatineeGroups/MAT_Groups_Float.uexp" 165
"../../../Engine/Content/EditorMaterials/MatineeGroups/MAT_Groups_Fade.uasset" 166
"../../../Engine/Content/EditorMaterials/MatineeGroups/MAT_Groups_Fade.uexp" 167
"../../../Engine/Content/EditorMaterials/MatineeGroups/MAT_Groups_Event.uasset" 168
"../../../Engine/Content/EditorMaterials/MatineeGroups/MAT_Groups_Event.uexp" 169
"../../../Engine/Content/EditorMaterials/MatineeGroups/MAT_Groups_Director.uasset" 170
"../../../Engine/Content/EditorMaterials/MatineeGroups/MAT_Groups_Director.uexp" 171
"../../../Engine/Content/EditorMaterials/MatineeGroups/MAT_Groups_AudioMaster.uasset" 172
"../../../Engine/Content/EditorMaterials/MatineeGroups/MAT_Groups_AudioMaster.uexp" 173
"../../../Engine/Content/EditorMaterials/MatineeGroups/MAT_Groups_Anim.uasset" 174
"../../../Engine/Content/EditorMaterials/MatineeGroups/MAT_Groups_Anim.uexp" 175
"../../../Engine/Content/EditorMaterials/ParticleSystems/PSysThumbnail_OOD.uasset" 176
"../../../Engine/Content/EditorMaterials/ParticleSystems/PSysThumbnail_OOD.uexp" 177
"../../../Engine/Content/EditorMaterials/ParticleSystems/PSysThumbnail_NoImage.uasset" 178
"../../../Engine/Content/EditorMaterials/ParticleSystems/PSysThumbnail_NoImage.uexp" 179
"../../../Engine/Content/EditorMaterials/MatineeGroups/MAT_ColorTrack.uasset" 180
"../../../Engine/Content/EditorMaterials/MatineeGroups/MAT_ColorTrack.uexp" 181
"../../../Engine/Content/Functions/Engine_MaterialFunctions02/Utility/MakeFloat4.uasset" 182
"../../../Engine/Content/Functions/Engine_MaterialFunctions02/Utility/MakeFloat4.uexp" 183
"../../../Engine/Content/EditorMaterials/WorldPartition/WorldPartitionSpatialHashGridPreviewMaterial.uasset" 184
"../../../Engine/Content/EditorMaterials/WorldPartition/WorldPartitionSpatialHashGridPreviewMaterial.uexp" 185
"../../../Engine/Content/EditorMaterials/Camera/CineMat.uasset" 186
"../../../Engine/Content/EditorMaterials/Camera/CineMat.uexp" 187
"../../../Engine/Content/EditorMaterials/Camera/MI_CineMat_Rig.uasset" 188
"../../../Engine/Content/EditorMaterials/Camera/MI_CineMat_Rig.uexp" 189
"../../../Engine/Content/EditorMeshes/Camera/SM_RailRig_Track.uasset" 190
"../../../Engine/Content/EditorMeshes/Camera/SM_RailRig_Track.uexp" 191
"../../../Engine/Content/EditorMeshes/Camera/SM_RailRig_Mount.uasset" 192
"../../../Engine/Content/EditorMeshes/Camera/SM_RailRig_Mount.uexp" 193
"../../../Engine/Content/EditorMeshes/Camera/SM_CraneRig_Mount.uasset" 194
"../../../Engine/Content/EditorMeshes/Camera/SM_CraneRig_Mount.uexp" 195
"../../../Engine/Content/EditorMeshes/Camera/SM_CraneRig_Body.uasset" 196
"../../../Engine/Content/EditorMeshes/Camera/SM_CraneRig_Body.uexp" 197
"../../../Engine/Content/EditorMeshes/Camera/SM_CraneRig_Base.uasset" 198
"../../../Engine/Content/EditorMeshes/Camera/SM_CraneRig_Base.uexp" 199
"../../../Engine/Content/EditorMeshes/Camera/SM_CraneRig_Arm.uasset" 200
"../../../Engine/Content/EditorMeshes/Camera/SM_CraneRig_Arm.uexp" 201
"../../../Engine/Content/EditorResources/S_TriggerSphere.uasset" 202
"../../../Engine/Content/EditorResources/S_TriggerSphere.uexp" 203
"../../../Engine/Content/EditorResources/S_TriggerCapsule.uasset" 204
"../../../Engine/Content/EditorResources/S_TriggerCapsule.uexp" 205
"../../../Engine/Content/EditorResources/S_TriggerBox.uasset" 206
"../../../Engine/Content/EditorResources/S_TriggerBox.uexp" 207
"../../../Engine/Content/EditorResources/S_Trigger.uasset" 208
"../../../Engine/Content/EditorResources/S_Trigger.uexp" 209
"../../../Engine/Content/EditorResources/S_Terrain.uasset" 210
"../../../Engine/Content/EditorResources/S_Terrain.uexp" 211
"../../../Engine/Content/EditorResources/S_Solver.uasset" 212
"../../../Engine/Content/EditorResources/S_Solver.uexp" 213
"../../../Engine/Content/EditorResources/S_BoxReflectionCapture.uasset" 214
"../../../Engine/Content/EditorResources/S_BoxReflectionCapture.uexp" 215
"../../../Engine/Content/EditorResources/S_Actor.uasset" 216
"../../../Engine/Content/EditorResources/S_Actor.uexp" 217
"../../../Engine/Content/EditorResources/EmptyActor.uasset" 218
"../../../Engine/Content/EditorResources/EmptyActor.uexp" 219
"../../../Engine/Content/EditorResources/BSPVertex.uasset" 220
"../../../Engine/Content/EditorResources/BSPVertex.uexp" 221
"../../../Engine/Content/EditorResources/SequenceRecorder/RecordingIndicator.uasset" 222
"../../../Engine/Content/EditorResources/SequenceRecorder/RecordingIndicator.uexp" 223
"../../../Engine/Content/EditorResources/SequenceRecorder/Countdown.uasset" 224
"../../../Engine/Content/EditorResources/SequenceRecorder/Countdown.uexp" 225
"../../../Engine/Content/EngineDamageTypes/DmgTypeBP_Environmental.uasset" 226
"../../../Engine/Content/EngineDamageTypes/DmgTypeBP_Environmental.uexp" 227
"../../../Engine/Content/Functions/Engine_MaterialFunctions02/Utility/CameraDirectionVector.uasset" 228
"../../../Engine/Content/Functions/Engine_MaterialFunctions02/Utility/CameraDirectionVector.uexp" 229
"../../../Engine/Content/EngineDebugMaterials/VolumeToRender.uasset" 230
"../../../Engine/Content/EngineDebugMaterials/VolumeToRender.uexp" 231
"../../../Engine/Content/EngineDebugMaterials/M_VolumeRenderSphereTracePP.uasset" 232
"../../../Engine/Content/EngineDebugMaterials/M_VolumeRenderSphereTracePP.uexp" 233
"../../../Engine/Content/EngineDebugMaterials/M_SimpleUnlitTranslucent.uasset" 234
"../../../Engine/Content/EngineDebugMaterials/M_SimpleUnlitTranslucent.uexp" 235
"../../../Engine/Content/EngineDebugMaterials/DebugMeshMaterial.uasset" 236
"../../../Engine/Content/EngineDebugMaterials/DebugMeshMaterial.uexp" 237
"../../../Engine/Content/EngineDebugMaterials/DebugEditorMaterial.uasset" 238
"../../../Engine/Content/EngineDebugMaterials/DebugEditorMaterial.uexp" 239
"../../../Engine/Content/EngineFonts/Faces/RobotoLight.uexp" 240
"../../../Engine/Content/EngineFonts/Faces/RobotoLight.uasset" 241
"../../../Engine/Content/EngineFonts/Faces/RobotoLight.ufont" 242
"../../../Engine/Content/EngineFonts/Faces/RobotoBold.uexp" 243
"../../../Engine/Content/EngineFonts/Faces/RobotoBold.uasset" 244
"../../../Engine/Content/EngineFonts/Faces/RobotoBold.ufont" 245
"../../../Engine/Content/EngineFonts/Faces/RobotoRegular.uexp" 246
"../../../Engine/Content/EngineFonts/Faces/RobotoRegular.uasset" 247
"../../../Engine/Content/EngineFonts/Faces/RobotoRegular.ufont" 248
"../../../Engine/Content/EngineFonts/Faces/DroidSansFallback.uexp" 249
"../../../Engine/Content/EngineFonts/Faces/DroidSansFallback.uasset" 250
"../../../Engine/Content/EngineFonts/Faces/DroidSansFallback.ufont" 251
"../../../Engine/Content/EngineFonts/Faces/RobotoItalic.uexp" 252
"../../../Engine/Content/EngineFonts/Faces/RobotoItalic.uasset" 253
"../../../Engine/Content/EngineFonts/Faces/RobotoItalic.ufont" 254
"../../../Engine/Content/EngineFonts/Faces/RobotoBoldItalic.uexp" 255
"../../../Engine/Content/EngineFonts/Faces/RobotoBoldItalic.uasset" 256
"../../../Engine/Content/EngineFonts/Faces/RobotoBoldItalic.ufont" 257
"../../../Engine/Content/EngineResources/WhiteSquareTexture.uasset" 258
"../../../Engine/Content/EngineResources/WhiteSquareTexture.uexp" 259
"../../../Engine/Content/EngineMaterials/Widget3DPassThrough.uasset" 260
"../../../Engine/Content/EngineMaterials/Widget3DPassThrough.uexp" 261
"../../../Engine/Content/EngineMaterials/Widget3DPassThrough_Translucent.uasset" 262
"../../../Engine/Content/EngineMaterials/Widget3DPassThrough_Translucent.uexp" 263
"../../../Engine/Content/EngineMaterials/Widget3DPassThrough_Translucent_OneSided.uasset" 264
"../../../Engine/Content/EngineMaterials/Widget3DPassThrough_Translucent_OneSided.uexp" 265
"../../../Engine/Content/EngineMaterials/Widget3DPassThrough_Opaque.uasset" 266
"../../../Engine/Content/EngineMaterials/Widget3DPassThrough_Opaque.uexp" 267
"../../../Engine/Content/EngineMaterials/Widget3DPassThrough_Opaque_OneSided.uasset" 268
"../../../Engine/Content/EngineMaterials/Widget3DPassThrough_Opaque_OneSided.uexp" 269
"../../../Engine/Content/EngineMaterials/Widget3DPassThrough_Masked_OneSided.uasset" 270
"../../../Engine/Content/EngineMaterials/Widget3DPassThrough_Masked_OneSided.uexp" 271
"../../../Engine/Content/EngineMaterials/Widget3DPassThrough_Masked.uasset" 272
"../../../Engine/Content/EngineMaterials/Widget3DPassThrough_Masked.uexp" 273
"../../../Engine/Content/EngineMaterials/WeightMapPlaceholderTexture.uasset" 274
"../../../Engine/Content/EngineMaterials/WeightMapPlaceholderTexture.uexp" 275
"../../../Engine/Content/EngineMaterials/RemoveSurfaceMaterial.uasset" 276
"../../../Engine/Content/EngineMaterials/RemoveSurfaceMaterial.uexp" 277
"../../../Engine/Content/EngineMaterials/PreintegratedSkinBRDF.uasset" 278
"../../../Engine/Content/EngineMaterials/PreintegratedSkinBRDF.uexp" 279
"../../../Engine/Content/EngineMaterials/DefaultCalibrationGrayscale.uasset" 280
"../../../Engine/Content/EngineMaterials/DefaultCalibrationGrayscale.uexp" 281
"../../../Engine/Content/EngineMaterials/PPM_DefaultCalibrationGrayscale.uasset" 282
"../../../Engine/Content/EngineMaterials/PPM_DefaultCalibrationGrayscale.uexp" 283
"../../../Engine/Content/EngineMaterials/DefaultCalibrationColor.uasset" 284
"../../../Engine/Content/EngineMaterials/DefaultCalibrationColor.uexp" 285
"../../../Engine/Content/EngineMaterials/PPM_DefaultCalibrationColor.uasset" 286
"../../../Engine/Content/EngineMaterials/PPM_DefaultCalibrationColor.uexp" 287
"../../../Engine/Content/Functions/Engine_MaterialFunctions02/WorldPositionOffset/CameraOffset.uasset" 288
"../../../Engine/Content/Functions/Engine_MaterialFunctions02/WorldPositionOffset/CameraOffset.uexp" 289
"../../../Engine/Content/EngineMaterials/PhAT_JointLimitMaterial.uasset" 290
"../../../Engine/Content/EngineMaterials/PhAT_JointLimitMaterial.uexp" 291
"../../../Engine/Content/EngineMaterials/InvalidLightmapSettings.uasset" 292
"../../../Engine/Content/EngineMaterials/InvalidLightmapSettings.uexp" 293
"../../../Engine/Content/EngineMaterials/M_InvalidLightmapSettings.uasset" 294
"../../../Engine/Content/EngineMaterials/M_InvalidLightmapSettings.uexp" 295
"../../../Engine/Content/EngineMaterials/MiniFont.uasset" 296
"../../../Engine/Content/EngineMaterials/MiniFont.uexp" 297
"../../../Engine/Content/EngineMaterials/Good64x64TilingNoiseHighFreq.uasset" 298
"../../../Engine/Content/EngineMaterials/Good64x64TilingNoiseHighFreq.uexp" 299
"../../../Engine/Content/EngineMaterials/GizmoMaterial.uasset" 300
"../../../Engine/Content/EngineMaterials/GizmoMaterial.uexp" 301
"../../../Engine/Content/EngineMaterials/BaseFlattenEmissiveMap_VT.uasset" 302
"../../../Engine/Content/EngineMaterials/BaseFlattenEmissiveMap_VT.uexp" 303
"../../../Engine/Content/EngineMaterials/BaseFlattenGrayscaleMap_VT.uasset" 304
"../../../Engine/Content/EngineMaterials/BaseFlattenGrayscaleMap_VT.uexp" 305
"../../../Engine/Content/EngineMaterials/BaseFlattenLinearColor_VT.uasset" 306
"../../../Engine/Content/EngineMaterials/BaseFlattenLinearColor_VT.uexp" 307
"../../../Engine/Content/EngineMaterials/Black_1x1_EXR_Texture_VT.uasset" 308
"../../../Engine/Content/EngineMaterials/Black_1x1_EXR_Texture_VT.uexp" 309
"../../../Engine/Content/EngineMaterials/BaseFlattenDiffuseMap_VT.uasset" 310
"../../../Engine/Content/EngineMaterials/BaseFlattenDiffuseMap_VT.uexp" 311
"../../../Engine/Content/EngineMaterials/BaseFlattenNormalMap_VT.uasset" 312
"../../../Engine/Content/EngineMaterials/BaseFlattenNormalMap_VT.uexp" 313
"../../../Engine/Content/EngineMaterials/FlattenMaterial_WS_Normal_VT.uasset" 314
"../../../Engine/Content/EngineMaterials/FlattenMaterial_WS_Normal_VT.uexp" 315
"../../../Engine/Content/EngineMaterials/FlattenMaterial_VT.uasset" 316
"../../../Engine/Content/EngineMaterials/FlattenMaterial_VT.uexp" 317
"../../../Engine/Content/EngineMaterials/BaseFlattenNormalMap.uasset" 318
"../../../Engine/Content/EngineMaterials/BaseFlattenNormalMap.uexp" 319
"../../../Engine/Content/EngineMaterials/BaseFlattenGrayscaleMap.uasset" 320
"../../../Engine/Content/EngineMaterials/BaseFlattenGrayscaleMap.uexp" 321
"../../../Engine/Content/EngineMaterials/BaseFlattenDiffuseMap.uasset" 322
"../../../Engine/Content/EngineMaterials/BaseFlattenDiffuseMap.uexp" 323
"../../../Engine/Content/Functions/Engine_MaterialFunctions02/PivotPainter2/Black_1x1_EXR_Texture.uasset" 324
"../../../Engine/Content/Functions/Engine_MaterialFunctions02/PivotPainter2/Black_1x1_EXR_Texture.uexp" 325
"../../../Engine/Content/EngineMaterials/BaseFlattenEmissiveMap.uasset" 326
"../../../Engine/Content/EngineMaterials/BaseFlattenEmissiveMap.uexp" 327
"../../../Engine/Content/EngineMaterials/BaseFlattenLinearColor.uasset" 328
"../../../Engine/Content/EngineMaterials/BaseFlattenLinearColor.uexp" 329
"../../../Engine/Content/EngineMaterials/FlattenMaterial.uasset" 330
"../../../Engine/Content/EngineMaterials/FlattenMaterial.uexp" 331
"../../../Engine/Content/EngineMaterials/DefaultWhiteGrid_Low.uasset" 332
"../../../Engine/Content/EngineMaterials/DefaultWhiteGrid_Low.uexp" 333
"../../../Engine/Content/EngineMaterials/EmissiveMeshMaterial.uasset" 334
"../../../Engine/Content/EngineMaterials/EmissiveMeshMaterial.uexp" 335
"../../../Engine/Content/EngineMaterials/DefaultWhiteGrid.uasset" 336
"../../../Engine/Content/EngineMaterials/DefaultWhiteGrid.uexp" 337
"../../../Engine/Content/EngineMaterials/DefaultTextMaterialOpaque.uasset" 338
"../../../Engine/Content/EngineMaterials/DefaultTextMaterialOpaque.uexp" 339
"../../../Engine/Content/EngineMaterials/DefaultDiffuse.uasset" 340
"../../../Engine/Content/EngineMaterials/DefaultDiffuse.uexp" 341
"../../../Engine/Content/Functions/Engine_MaterialFunctions02/Utility/BreakOutFloat2Components.uasset" 342
"../../../Engine/Content/Functions/Engine_MaterialFunctions02/Utility/BreakOutFloat2Components.uexp" 343
"../../../Engine/Content/EngineMaterials/DefaultPostProcessMaterial.uasset" 344
"../../../Engine/Content/EngineMaterials/DefaultPostProcessMaterial.uexp" 345
"../../../Engine/Content/EngineMaterials/DefaultPhysicalMaterial.uasset" 346
"../../../Engine/Content/EngineMaterials/DefaultPhysicalMaterial.uexp" 347
"../../../Engine/Content/EngineMaterials/DefaultLightFunctionMaterial.uasset" 348
"../../../Engine/Content/EngineMaterials/DefaultLightFunctionMaterial.uexp" 349
"../../../Engine/Content/EngineMaterials/DefaultDestructiblePhysicalMaterial.uasset" 350
"../../../Engine/Content/EngineMaterials/DefaultDestructiblePhysicalMaterial.uexp" 351
"../../../Engine/Content/EngineMaterials/DefaultDeferredDecalMaterial.uasset" 352
"../../../Engine/Content/EngineMaterials/DefaultDeferredDecalMaterial.uexp" 353
"../../../Engine/Content/EngineMaterials/DefaultBokeh.uasset" 354
"../../../Engine/Content/EngineMaterials/DefaultBokeh.uexp" 355
"../../../Engine/Content/EngineMaterials/DefaultBloomKernel.uasset" 356
"../../../Engine/Content/EngineMaterials/DefaultBloomKernel.uexp" 357
"../../../Engine/Content/EngineMaterials/BlueNoise.uasset" 358
"../../../Engine/Content/EngineMaterials/BlueNoise.uexp" 359
"../../../Engine/Content/EngineMeshes/Sphere.uasset" 360
"../../../Engine/Content/EngineMeshes/Sphere.uexp" 361
"../../../Engine/Content/EngineResources/GradientTexture0.uasset" 362
"../../../Engine/Content/EngineResources/GradientTexture0.uexp" 363
"../../../Engine/Content/EngineResources/DefaultVolumeTexture2D.uasset" 364
"../../../Engine/Content/EngineResources/DefaultVolumeTexture2D.uexp" 365
"../../../Engine/Content/EngineResources/DefaultVolumeTexture.uasset" 366
"../../../Engine/Content/EngineResources/DefaultVolumeTexture.uexp" 367
"../../../Engine/Content/EngineResources/DefaultTextureCube.uasset" 368
"../../../Engine/Content/EngineResources/DefaultTextureCube.uexp" 369
"../../../Engine/Content/EngineResources/DefaultTexture.uasset" 370
"../../../Engine/Content/EngineResources/DefaultTexture.uexp" 371
"../../../Engine/Content/EngineResources/Black.uasset" 372
"../../../Engine/Content/EngineResources/Black.uexp" 373
"../../../Engine/Content/EngineResources/FilmGrains/Marcie_Grain_v3_128_M2_000.uasset" 374
"../../../Engine/Content/EngineResources/FilmGrains/Marcie_Grain_v3_128_M2_000.uexp" 375
"../../../Engine/Content/EngineSky/T_Sky_Stars.uasset" 376
"../../../Engine/Content/EngineSky/T_Sky_Stars.uexp" 377
"../../../Engine/Content/EngineSky/T_Sky_Clouds_M.uasset" 378
"../../../Engine/Content/EngineSky/T_Sky_Clouds_M.uexp" 379
"../../../Engine/Content/EngineSky/T_Sky_Blue.uasset" 380
"../../../Engine/Content/EngineSky/T_Sky_Blue.uexp" 381
"../../../Engine/Content/EngineSky/M_Sky_Panning_Clouds2.uasset" 382
"../../../Engine/Content/EngineSky/M_Sky_Panning_Clouds2.uexp" 383
"../../../Engine/Content/EngineSky/SM_SkySphere.uasset" 384
"../../../Engine/Content/EngineSky/SM_SkySphere.uexp" 385
"../../../Engine/Content/EngineSky/M_SimpleSkyDome.uasset" 386
"../../../Engine/Content/EngineSky/M_SimpleSkyDome.uexp" 387
"../../../Engine/Content/EngineSky/VolumetricClouds/CloudWeatherTexture.uasset" 388
"../../../Engine/Content/EngineSky/VolumetricClouds/CloudWeatherTexture.uexp" 389
"../../../Engine/Content/Functions/Engine_MaterialFunctions02/Utility/MakeFloat2.uasset" 390
"../../../Engine/Content/Functions/Engine_MaterialFunctions02/Utility/MakeFloat2.uexp" 391
"../../../Engine/Content/EngineSky/VolumetricClouds/CloudGradientTexture.uasset" 392
"../../../Engine/Content/EngineSky/VolumetricClouds/CloudGradientTexture.uexp" 393
"../../../Engine/Content/EngineSky/VolumetricClouds/T_NoiseShape64.uasset" 394
"../../../Engine/Content/EngineSky/VolumetricClouds/T_NoiseShape64.uexp" 395
"../../../Engine/Content/EngineSky/VolumetricClouds/T_VolumeNoiseShape64.uasset" 396
"../../../Engine/Content/EngineSky/VolumetricClouds/T_VolumeNoiseShape64.uexp" 397
"../../../Engine/Content/EngineSky/VolumetricClouds/T_NoiseErosion.uasset" 398
"../../../Engine/Content/EngineSky/VolumetricClouds/T_NoiseErosion.uexp" 399
"../../../Engine/Content/EngineSky/VolumetricClouds/T_VolumeNoiseErosion32.uasset" 400
"../../../Engine/Content/EngineSky/VolumetricClouds/T_VolumeNoiseErosion32.uexp" 401
"../../../Engine/Content/EngineSky/VolumetricClouds/m_SimpleVolumetricCloud.uasset" 402
"../../../Engine/Content/EngineSky/VolumetricClouds/m_SimpleVolumetricCloud.uexp" 403
"../../../Engine/Content/EngineSky/VolumetricClouds/m_SimpleVolumetricCloud_Inst.uasset" 404
"../../../Engine/Content/EngineSky/VolumetricClouds/m_SimpleVolumetricCloud_Inst.uexp" 405
"../../../Engine/Content/EngineSounds/Master.uasset" 406
"../../../Engine/Content/EngineSounds/Master.uexp" 407
"../../../Engine/Content/Functions/Engine_MaterialFunctions01/Shading/PowerToRoughness.uasset" 408
"../../../Engine/Content/Functions/Engine_MaterialFunctions01/Shading/PowerToRoughness.uexp" 409
"../../../Engine/Content/Functions/Engine_MaterialFunctions01/Shading/ConvertFromDiffSpec.uasset" 410
"../../../Engine/Content/Functions/Engine_MaterialFunctions01/Shading/ConvertFromDiffSpec.uexp" 411
"../../../Engine/Content/MobileResources/HUD/VirtualJoystick_Background.uasset" 412
"../../../Engine/Content/MobileResources/HUD/VirtualJoystick_Background.uexp" 413
"../../../Engine/Content/MobileResources/HUD/VirtualJoystick_Thumb.uasset" 414
"../../../Engine/Content/MobileResources/HUD/VirtualJoystick_Thumb.uexp" 415
"../../../Engine/Content/MobileResources/HUD/DefaultVirtualJoysticks.uasset" 416
"../../../Engine/Content/MobileResources/HUD/DefaultVirtualJoysticks.uexp" 417
"../../../Engine/Content/Tutorial/ContentIntroCurve.uasset" 418
"../../../Engine/Content/Tutorial/ContentIntroCurve.uexp" 419
"../../../Engine/Content/VREditor/TransformGizmo/Main.uasset" 420
"../../../Engine/Content/VREditor/TransformGizmo/Main.uexp" 421
"../../../Engine/Content/VREditor/TransformGizmo/Xray.uasset" 422
"../../../Engine/Content/VREditor/TransformGizmo/Xray.uexp" 423
"../../../Engine/Content/VREditor/TransformGizmo/SM_Sequencer_Node.uasset" 424
"../../../Engine/Content/VREditor/TransformGizmo/SM_Sequencer_Node.uexp" 425
"../../../Engine/Content/VREditor/LaserPointer/VR_LaserPower_01.uasset" 426
"../../../Engine/Content/VREditor/LaserPointer/VR_LaserPower_01.uexp" 427
"../../../Engine/Content/VREditor/TransformGizmo/TransformGizmoMaterial.uasset" 428
"../../../Engine/Content/VREditor/TransformGizmo/TransformGizmoMaterial.uexp" 429
"../../../Engine/Content/VREditor/TransformGizmo/TranslucentTransformGizmoMaterial.uasset" 430
"../../../Engine/Content/VREditor/TransformGizmo/TranslucentTransformGizmoMaterial.uexp" 431
"../../../Engine/Content/VREditor/TransformGizmo/PlaneTranslationHandle.uasset" 432
"../../../Engine/Content/VREditor/TransformGizmo/PlaneTranslationHandle.uexp" 433
"../../../Engine/Content/VREditor/TransformGizmo/BoundingBoxEdge.uasset" 434
"../../../Engine/Content/VREditor/TransformGizmo/BoundingBoxEdge.uexp" 435
"../../../Engine/Content/VREditor/TransformGizmo/BoundingBoxCorner.uasset" 436
"../../../Engine/Content/VREditor/TransformGizmo/BoundingBoxCorner.uexp" 437
"../../../Engine/Plugins/2D/Paper2D/Content/PlaceholderTextures/DummySpriteTexture.uasset" 438
"../../../Engine/Plugins/2D/Paper2D/Content/PlaceholderTextures/DummySpriteTexture.uexp" 439
"../../../Engine/Plugins/2D/Paper2D/Content/DefaultSpriteMaterial.uasset" 440
"../../../Engine/Plugins/2D/Paper2D/Content/DefaultSpriteMaterial.uexp" 441
"../../../Engine/Plugins/2D/Paper2D/Content/OpaqueUnlitSpriteMaterial.uasset" 442
"../../../Engine/Plugins/2D/Paper2D/Content/OpaqueUnlitSpriteMaterial.uexp" 443
"../../../Engine/Plugins/2D/Paper2D/Content/MaskedUnlitSpriteMaterial.uasset" 444
"../../../Engine/Plugins/2D/Paper2D/Content/MaskedUnlitSpriteMaterial.uexp" 445
"../../../Engine/Plugins/2D/Paper2D/Content/DummySprite.uasset" 446
"../../../Engine/Plugins/2D/Paper2D/Content/DummySprite.uexp" 447
"../../../Engine/Plugins/2D/Paper2D/Content/DefaultPaperTerrainMaterial.uasset" 448
"../../../Engine/Plugins/2D/Paper2D/Content/DefaultPaperTerrainMaterial.uexp" 449
"../../../Engine/Plugins/Animation/ControlRig/Content/M_Manip.uasset" 450
"../../../Engine/Plugins/Animation/ControlRig/Content/M_Manip.uexp" 451
"../../../Engine/Plugins/Animation/ControlRig/Content/Controls/DefaultGizmoLibraryNormalized.uasset" 452
"../../../Engine/Plugins/Animation/ControlRig/Content/Controls/DefaultGizmoLibraryNormalized.uexp" 453
"../../../Engine/Plugins/Animation/ControlRig/Content/Controls/ControlRig_Wedge_solid.uasset" 454
"../../../Engine/Plugins/Animation/ControlRig/Content/Controls/ControlRig_Wedge_solid.uexp" 455
"../../../Engine/Plugins/Animation/ControlRig/Content/Controls/ControlRig_Wedge_3mm.uasset" 456
"../../../Engine/Plugins/Animation/ControlRig/Content/Controls/ControlRig_Wedge_3mm.uexp" 457
"../../../Engine/Plugins/Animation/ControlRig/Content/Controls/ControlRig_Wedge_1mm.uasset" 458
"../../../Engine/Plugins/Animation/ControlRig/Content/Controls/ControlRig_Wedge_1mm.uexp" 459
"../../../Engine/Plugins/Animation/ControlRig/Content/Controls/ControlRig_Triangle_solid.uasset" 460
"../../../Engine/Plugins/Animation/ControlRig/Content/Controls/ControlRig_Triangle_solid.uexp" 461
"../../../Engine/Plugins/Animation/ControlRig/Content/Controls/ControlRig_Triangle_3mm.uasset" 462
"../../../Engine/Plugins/Animation/ControlRig/Content/Controls/ControlRig_Triangle_3mm.uexp" 463
"../../../Engine/Plugins/Animation/ControlRig/Content/Controls/ControlRig_Triangle_1mm.uasset" 464
"../../../Engine/Plugins/Animation/ControlRig/Content/Controls/ControlRig_Triangle_1mm.uexp" 465
"../../../Engine/Plugins/Animation/ControlRig/Content/Controls/ControlRig_Star4_solid.uasset" 466
"../../../Engine/Plugins/Animation/ControlRig/Content/Controls/ControlRig_Star4_solid.uexp" 467
"../../../Engine/Plugins/Animation/ControlRig/Content/Controls/ControlRig_Star4_3mm.uasset" 468
"../../../Engine/Plugins/Animation/ControlRig/Content/Controls/ControlRig_Star4_3mm.uexp" 469
"../../../Engine/Plugins/Animation/ControlRig/Content/Controls/ControlRig_Star4_1mm.uasset" 470
"../../../Engine/Plugins/Animation/ControlRig/Content/Controls/ControlRig_Star4_1mm.uexp" 471
"../../../Engine/Plugins/Animation/ControlRig/Content/Controls/ControlRig_Square_solid.uasset" 472
"../../../Engine/Plugins/Animation/ControlRig/Content/Controls/ControlRig_Square_solid.uexp" 473
"../../../Engine/Plugins/Animation/ControlRig/Content/Controls/ControlRig_Square_3mm.uasset" 474
"../../../Engine/Plugins/Animation/ControlRig/Content/Controls/ControlRig_Square_3mm.uexp" 475
"../../../Engine/Plugins/Animation/ControlRig/Content/Controls/ControlRig_Square_1mm.uasset" 476
"../../../Engine/Plugins/Animation/ControlRig/Content/Controls/ControlRig_Square_1mm.uexp" 477
"../../../Engine/Plugins/Animation/ControlRig/Content/Controls/ControlRig_Sphere_solid.uasset" 478
"../../../Engine/Plugins/Animation/ControlRig/Content/Controls/ControlRig_Sphere_solid.uexp" 479
"../../../Engine/Plugins/Animation/ControlRig/Content/Controls/ControlRig_Sphere_3mm.uasset" 480
"../../../Engine/Plugins/Animation/ControlRig/Content/Controls/ControlRig_Sphere_3mm.uexp" 481
"../../../Engine/Plugins/Animation/ControlRig/Content/Controls/ControlRig_Sphere_1mm.uasset" 482
"../../../Engine/Plugins/Animation/ControlRig/Content/Controls/ControlRig_Sphere_1mm.uexp" 483
"../../../Engine/Plugins/Animation/ControlRig/Content/Controls/ControlRig_RoundedTriangle_solid.uasset" 484
"../../../Engine/Plugins/Animation/ControlRig/Content/Controls/ControlRig_RoundedTriangle_solid.uexp" 485
"../../../Engine/Plugins/Animation/ControlRig/Content/Controls/ControlRig_RoundedTriangle_3mm.uasset" 486
"../../../Engine/Plugins/Animation/ControlRig/Content/Controls/ControlRig_RoundedTriangle_3mm.uexp" 487
"../../../Engine/Plugins/Animation/ControlRig/Content/Controls/ControlRig_RoundedTriangle_1mm.uasset" 488
"../../../Engine/Plugins/Animation/ControlRig/Content/Controls/ControlRig_RoundedTriangle_1mm.uexp" 489
"../../../Engine/Plugins/Animation/ControlRig/Content/Controls/ControlRig_RoundedSquare_solid.uasset" 490
"../../../Engine/Plugins/Animation/ControlRig/Content/Controls/ControlRig_RoundedSquare_solid.uexp" 491
"../../../Engine/Plugins/Animation/ControlRig/Content/Controls/ControlRig_RoundedSquare_3mm.uasset" 492
"../../../Engine/Plugins/Animation/ControlRig/Content/Controls/ControlRig_RoundedSquare_3mm.uexp" 493
"../../../Engine/Plugins/Animation/ControlRig/Content/Controls/ControlRig_RoundedSquare_1mm.uasset" 494
"../../../Engine/Plugins/Animation/ControlRig/Content/Controls/ControlRig_RoundedSquare_1mm.uexp" 495
"../../../Engine/Plugins/Animation/ControlRig/Content/Controls/ControlRig_QuarterCircle_solid.uasset" 496
"../../../Engine/Plugins/Animation/ControlRig/Content/Controls/ControlRig_QuarterCircle_solid.uexp" 497
"../../../Engine/Plugins/Animation/ControlRig/Content/Controls/ControlRig_QuarterCircle_3mm.uasset" 498
"../../../Engine/Plugins/Animation/ControlRig/Content/Controls/ControlRig_QuarterCircle_3mm.uexp" 499
"../../../Engine/Plugins/Animation/ControlRig/Content/Controls/ControlRig_QuarterCircle_1mm.uasset" 500
"../../../Engine/Plugins/Animation/ControlRig/Content/Controls/ControlRig_QuarterCircle_1mm.uexp" 501
"../../../Engine/Plugins/Animation/ControlRig/Content/Controls/ControlRig_Pyramid_solid.uasset" 502
"../../../Engine/Plugins/Animation/ControlRig/Content/Controls/ControlRig_Pyramid_solid.uexp" 503
"../../../Engine/Plugins/Animation/ControlRig/Content/Controls/ControlRig_Pyramid_3mm.uasset" 504
"../../../Engine/Plugins/Animation/ControlRig/Content/Controls/ControlRig_Pyramid_3mm.uexp" 505
"../../../Engine/Plugins/Animation/ControlRig/Content/Controls/ControlRig_Pyramid_1mm.uasset" 506
"../../../Engine/Plugins/Animation/ControlRig/Content/Controls/ControlRig_Pyramid_1mm.uexp" 507
"../../../Engine/Plugins/Animation/ControlRig/Content/Controls/ControlRig_Octagon_solid.uasset" 508
"../../../Engine/Plugins/Animation/ControlRig/Content/Controls/ControlRig_Octagon_solid.uexp" 509
"../../../Engine/Plugins/Animation/ControlRig/Content/Controls/ControlRig_Octagon_3mm.uasset" 510
"../../../Engine/Plugins/Animation/ControlRig/Content/Controls/ControlRig_Octagon_3mm.uexp" 511
"../../../Engine/Plugins/Animation/ControlRig/Content/Controls/ControlRig_Octagon_1mm.uasset" 512
"../../../Engine/Plugins/Animation/ControlRig/Content/Controls/ControlRig_Octagon_1mm.uexp" 513
"../../../Engine/Plugins/Animation/ControlRig/Content/Controls/ControlRig_Hexagon_solid.uasset" 514
"../../../Engine/Plugins/Animation/ControlRig/Content/Controls/ControlRig_Hexagon_solid.uexp" 515
"../../../Engine/Plugins/Animation/ControlRig/Content/Controls/ControlRig_Hexagon_3mm.uasset" 516
"../../../Engine/Plugins/Animation/ControlRig/Content/Controls/ControlRig_Hexagon_3mm.uexp" 517
"../../../Engine/Plugins/Animation/ControlRig/Content/Controls/ControlRig_Hexagon_1mm.uasset" 518
"../../../Engine/Plugins/Animation/ControlRig/Content/Controls/ControlRig_Hexagon_1mm.uexp" 519
"../../../Engine/Plugins/Editor/SpeedTreeImporter/Content/SpeedTree9/game_wind_noise.uasset" 520
"../../../Engine/Plugins/Editor/SpeedTreeImporter/Content/SpeedTree9/game_wind_noise.uexp" 521
"../../../Engine/Plugins/Editor/SpeedTreeImporter/Content/SpeedTree9/UnpackDirection.uasset" 522
"../../../Engine/Plugins/Editor/SpeedTreeImporter/Content/SpeedTree9/UnpackDirection.uexp" 523
"../../../Engine/Content/Functions/Engine_MaterialFunctions02/ObjectLocalBounds.uasset" 524
"../../../Engine/Content/Functions/Engine_MaterialFunctions02/ObjectLocalBounds.uexp" 525
"../../../Engine/Content/Functions/Engine_MaterialFunctions02/UVs/BoundingBoxBased_0-1_UVW.uasset" 526
"../../../Engine/Content/Functions/Engine_MaterialFunctions02/UVs/BoundingBoxBased_0-1_UVW.uexp" 527
"../../../Engine/Content/Functions/Engine_MaterialFunctions02/Utility/VectorLength.uasset" 528
"../../../Engine/Content/Functions/Engine_MaterialFunctions02/Utility/VectorLength.uexp" 529
"../../../Engine/Plugins/Editor/SpeedTreeImporter/Content/SpeedTree9/UnpackInteger3.uasset" 530
"../../../Engine/Plugins/Editor/SpeedTreeImporter/Content/SpeedTree9/UnpackInteger3.uexp" 531
"../../../Engine/Plugins/Editor/SpeedTreeImporter/Content/SpeedTree9/SpeedTreeCameraFacing.uasset" 532
"../../../Engine/Plugins/Editor/SpeedTreeImporter/Content/SpeedTree9/SpeedTreeCameraFacing.uexp" 533
"../../../Engine/Content/Functions/Engine_MaterialFunctions02/WorldPositionOffset/ObjectScale.uasset" 534
"../../../Engine/Content/Functions/Engine_MaterialFunctions02/WorldPositionOffset/ObjectScale.uexp" 535
"../../../Engine/Content/Functions/Engine_MaterialFunctions02/SafeNormalize.uasset" 536
"../../../Engine/Content/Functions/Engine_MaterialFunctions02/SafeNormalize.uexp" 537
"../../../Engine/Plugins/Editor/SpeedTreeImporter/Content/SpeedTree9/SpeedTreeWindMotion.uasset" 538
"../../../Engine/Plugins/Editor/SpeedTreeImporter/Content/SpeedTree9/SpeedTreeWindMotion.uexp" 539
"../../../Engine/Plugins/Editor/SpeedTreeImporter/Content/SpeedTree9/SpeedTreeBranchMotion.uasset" 540
"../../../Engine/Plugins/Editor/SpeedTreeImporter/Content/SpeedTree9/SpeedTreeBranchMotion.uexp" 541
"../../../Engine/Plugins/Editor/SpeedTreeImporter/Content/SpeedTree9/SpeedTreeWind.uasset" 542
"../../../Engine/Plugins/Editor/SpeedTreeImporter/Content/SpeedTree9/SpeedTreeWind.uexp" 543
"../../../Engine/Plugins/Editor/SpeedTreeImporter/Content/SpeedTree9/EmptyNormal.uasset" 544
"../../../Engine/Plugins/Editor/SpeedTreeImporter/Content/SpeedTree9/EmptyNormal.uexp" 545
"../../../Engine/Plugins/Editor/SpeedTreeImporter/Content/SpeedTree9/Empty.uasset" 546
"../../../Engine/Plugins/Editor/SpeedTreeImporter/Content/SpeedTree9/Empty.uexp" 547
"../../../Engine/Plugins/Editor/SpeedTreeImporter/Content/SpeedTree9/SpeedTreeMaster.uasset" 548
"../../../Engine/Plugins/Editor/SpeedTreeImporter/Content/SpeedTree9/SpeedTreeMaster.uexp" 549
"../../../Engine/Plugins/Editor/SpeedTreeImporter/Content/SpeedTree9/SpeedTreeBillboard.uasset" 550
"../../../Engine/Plugins/Editor/SpeedTreeImporter/Content/SpeedTree9/SpeedTreeBillboard.uexp" 551
"../../../Engine/Plugins/Editor/SpeedTreeImporter/Content/SpeedTree9/SpeedTreeBillboardMaster.uasset" 552
"../../../Engine/Plugins/Editor/SpeedTreeImporter/Content/SpeedTree9/SpeedTreeBillboardMaster.uexp" 553
"../../../Engine/Plugins/Animation/ControlRig/Content/Controls/ControlRig_HalfCircle_solid.uasset" 554
"../../../Engine/Plugins/Animation/ControlRig/Content/Controls/ControlRig_HalfCircle_solid.uexp" 555
"../../../Engine/Plugins/Animation/ControlRig/Content/Controls/ControlRig_HalfCircle_3mm.uasset" 556
"../../../Engine/Plugins/Animation/ControlRig/Content/Controls/ControlRig_HalfCircle_3mm.uexp" 557
"../../../Engine/Plugins/Animation/ControlRig/Content/Controls/ControlRig_HalfCircle_1mm.uasset" 558
"../../../Engine/Plugins/Animation/ControlRig/Content/Controls/ControlRig_HalfCircle_1mm.uexp" 559
"../../../Engine/Plugins/Animation/ControlRig/Content/Controls/ControlRig_Diamond_solid.uasset" 560
"../../../Engine/Plugins/Animation/ControlRig/Content/Controls/ControlRig_Diamond_solid.uexp" 561
"../../../Engine/Plugins/Animation/ControlRig/Content/Controls/ControlRig_Diamond_3mm.uasset" 562
"../../../Engine/Plugins/Animation/ControlRig/Content/Controls/ControlRig_Diamond_3mm.uexp" 563
"../../../Engine/Plugins/Animation/ControlRig/Content/Controls/ControlRig_Diamond_1mm.uasset" 564
"../../../Engine/Plugins/Animation/ControlRig/Content/Controls/ControlRig_Diamond_1mm.uexp" 565
"../../../Engine/Plugins/Animation/ControlRig/Content/Controls/ControlRig_Circle_solid.uasset" 566
"../../../Engine/Plugins/Animation/ControlRig/Content/Controls/ControlRig_Circle_solid.uexp" 567
"../../../Engine/Plugins/Animation/ControlRig/Content/Controls/ControlRig_Circle_3mm.uasset" 568
"../../../Engine/Plugins/Animation/ControlRig/Content/Controls/ControlRig_Circle_3mm.uexp" 569
"../../../Engine/Plugins/Animation/ControlRig/Content/Controls/ControlRig_Circle_1mm.uasset" 570
"../../../Engine/Plugins/Animation/ControlRig/Content/Controls/ControlRig_Circle_1mm.uexp" 571
"../../../Engine/Plugins/Animation/ControlRig/Content/Controls/ControlRig_Box_solid.uasset" 572
"../../../Engine/Plugins/Animation/ControlRig/Content/Controls/ControlRig_Box_solid.uexp" 573
"../../../Engine/Plugins/Animation/ControlRig/Content/Controls/ControlRig_Box_3mm.uasset" 574
"../../../Engine/Plugins/Animation/ControlRig/Content/Controls/ControlRig_Box_3mm.uexp" 575
"../../../Engine/Plugins/Animation/ControlRig/Content/Controls/ControlRig_Box_1mm.uasset" 576
"../../../Engine/Plugins/Animation/ControlRig/Content/Controls/ControlRig_Box_1mm.uexp" 577
"../../../Engine/Plugins/Animation/ControlRig/Content/Controls/ControlRig_Arrow_solid.uasset" 578
"../../../Engine/Plugins/Animation/ControlRig/Content/Controls/ControlRig_Arrow_solid.uexp" 579
"../../../Engine/Plugins/Animation/ControlRig/Content/Controls/ControlRig_Arrow_3mm.uasset" 580
"../../../Engine/Plugins/Animation/ControlRig/Content/Controls/ControlRig_Arrow_3mm.uexp" 581
"../../../Engine/Plugins/Animation/ControlRig/Content/Controls/ControlRig_Arrow_1mm.uasset" 582
"../../../Engine/Plugins/Animation/ControlRig/Content/Controls/ControlRig_Arrow_1mm.uexp" 583
"../../../Engine/Plugins/Animation/ControlRig/Content/Controls/ControlRig_Arrow4_solid.uasset" 584
"../../../Engine/Plugins/Animation/ControlRig/Content/Controls/ControlRig_Arrow4_solid.uexp" 585
"../../../Engine/Plugins/Animation/ControlRig/Content/Controls/ControlRig_Arrow4_3mm.uasset" 586
"../../../Engine/Plugins/Animation/ControlRig/Content/Controls/ControlRig_Arrow4_3mm.uexp" 587
"../../../Engine/Plugins/Animation/ControlRig/Content/Controls/ControlRig_Arrow4_1mm.uasset" 588
"../../../Engine/Plugins/Animation/ControlRig/Content/Controls/ControlRig_Arrow4_1mm.uexp" 589
"../../../Engine/Plugins/Animation/ControlRig/Content/Controls/ControlRig_Arrow2_solid.uasset" 590
"../../../Engine/Plugins/Animation/ControlRig/Content/Controls/ControlRig_Arrow2_solid.uexp" 591
"../../../Engine/Plugins/Animation/ControlRig/Content/Controls/ControlRig_Arrow2_3mm.uasset" 592
"../../../Engine/Plugins/Animation/ControlRig/Content/Controls/ControlRig_Arrow2_3mm.uexp" 593
"../../../Engine/Plugins/Animation/ControlRig/Content/Controls/ControlRig_Arrow2_1mm.uasset" 594
"../../../Engine/Plugins/Animation/ControlRig/Content/Controls/ControlRig_Arrow2_1mm.uexp" 595
"../../../Engine/Plugins/Animation/ControlRig/Content/Controls/ControlRigGizmoMaterial.uasset" 596
"../../../Engine/Plugins/Animation/ControlRig/Content/Controls/ControlRigGizmoMaterial.uexp" 597
"../../../Engine/Plugins/Runtime/HairStrands/Content/Materials/HairMeshesDefaultMaterial.uasset" 598
"../../../Engine/Plugins/Runtime/HairStrands/Content/Materials/HairMeshesDefaultMaterial.uexp" 599
"../../../Engine/Plugins/Runtime/HairStrands/Content/Materials/HairDefaultMaterial.uasset" 600
"../../../Engine/Plugins/Runtime/HairStrands/Content/Materials/HairDefaultMaterial.uexp" 601
"../../../Engine/Plugins/Runtime/HairStrands/Content/Materials/HairGroupColors.uasset" 602
"../../../Engine/Plugins/Runtime/HairStrands/Content/Materials/HairGroupColors.uexp" 603
"../../../Engine/Content/EngineMaterials/HairColorMap.uasset" 604
"../../../Engine/Content/EngineMaterials/HairColorMap.uexp" 605
"../../../Engine/Content/EngineMaterials/HairDebugColor.uasset" 606
"../../../Engine/Content/EngineMaterials/HairDebugColor.uexp" 607
"../../../Engine/Plugins/Runtime/HairStrands/Content/Materials/HairDebugMaterial.uasset" 608
"../../../Engine/Plugins/Runtime/HairStrands/Content/Materials/HairDebugMaterial.uexp" 609
"../../../Engine/Plugins/Runtime/HairStrands/Content/Materials/HairCardsDefaultMaterial.uasset" 610
"../../../Engine/Plugins/Runtime/HairStrands/Content/Materials/HairCardsDefaultMaterial.uexp" 611
"G:/UE5/Project/Armys/Content/My/WB/GameInfoWB.uasset" 612
"G:/UE5/Project/Armys/Content/My/WB/GameInfoWB.uexp" 613
"../../../Engine/Content/Maps/Templates/HLODs/HLODLayer_Instanced.uasset" 614
"../../../Engine/Content/Maps/Templates/HLODs/HLODLayer_Instanced.uexp" 615
"G:/UE5/Project/Armys/Content/My/WB/Scope.uasset" 616
"G:/UE5/Project/Armys/Content/My/WB/Scope.uexp" 617
"G:/UE5/Project/Armys/Content/My/WB/MouseImageWB.uasset" 618
"G:/UE5/Project/Armys/Content/My/WB/MouseImageWB.uexp" 619
"G:/UE5/Project/Armys/Content/My/Map/Stage.uexp" 620
"G:/UE5/Project/Armys/Content/My/Map/Stage.umap" 621
"G:/UE5/Project/Armys/Content/My/WB/BackGround.uasset" 622
"G:/UE5/Project/Armys/Content/My/WB/BackGround.uexp" 623
"G:/UE5/Project/Armys/Content/My/WB/EntryWB.uasset" 624
"G:/UE5/Project/Armys/Content/My/WB/EntryWB.uexp" 625
"G:/UE5/Project/Armys/Content/My/Map/Entry.uexp" 626
"G:/UE5/Project/Armys/Content/My/Map/Entry.umap" 627
